方法：GET
地址：/api/blog/list
浏览器信息：Mozilla/5.0 (Windows NT 10.0; Win64; x64) AppleWebKit/537.36 (KHTML, like Gecko) Chrome/94.0.4606.61 Safari/537.36
当前时间：2021/9/26 下午4:16:56
-------------------------------------------------------------------------
方法：POST
API：/api/blog/new
浏览器信息：Mozilla/5.0 (Windows NT 10.0; Win64; x64) AppleWebKit/537.36 (KHTML, like Gecko) Chrome/94.0.4606.61 Safari/537.36
当前时间：2021/9/26 下午5:09:47
---------------------------------------------------------------------------------------------------------------------
方法：POST
API：/api/blog/new
浏览器信息：Mozilla/5.0 (Windows NT 10.0; Win64; x64) AppleWebKit/537.36 (KHTML, like Gecko) Chrome/94.0.4606.61 Safari/537.36
当前时间：2021/9/26 下午5:11:00
---------------------------------------------------------------------------------------------------------------------
方法：GET
API：/api/blog/list
浏览器信息：Mozilla/5.0 (Windows NT 10.0; Win64; x64) AppleWebKit/537.36 (KHTML, like Gecko) Chrome/94.0.4606.61 Safari/537.36
当前时间：2021/9/26 下午5:11:10
---------------------------------------------------------------------------------------------------------------------
方法：GET
API：/api/blog/detail?id=13
浏览器信息：Mozilla/5.0 (Windows NT 10.0; Win64; x64) AppleWebKit/537.36 (KHTML, like Gecko) Chrome/94.0.4606.61 Safari/537.36
当前时间：2021/9/26 下午5:11:14
---------------------------------------------------------------------------------------------------------------------
方法：POST
API：/api/user/login
浏览器信息：Mozilla/5.0 (Windows NT 10.0; Win64; x64) AppleWebKit/537.36 (KHTML, like Gecko) Chrome/94.0.4606.61 Safari/537.36
当前时间：2021/9/26 下午5:11:41
---------------------------------------------------------------------------------------------------------------------
方法：GET
API：/api/blog/list?isadmin=1
浏览器信息：Mozilla/5.0 (Windows NT 10.0; Win64; x64) AppleWebKit/537.36 (KHTML, like Gecko) Chrome/94.0.4606.61 Safari/537.36
当前时间：2021/9/26 下午5:11:41
---------------------------------------------------------------------------------------------------------------------
方法：POST
API：/api/blog/new
浏览器信息：Mozilla/5.0 (Windows NT 10.0; Win64; x64) AppleWebKit/537.36 (KHTML, like Gecko) Chrome/94.0.4606.61 Safari/537.36
当前时间：2021/9/26 下午5:12:10
---------------------------------------------------------------------------------------------------------------------
方法：POST
API：/api/blog/new
浏览器信息：Mozilla/5.0 (Windows NT 10.0; Win64; x64) AppleWebKit/537.36 (KHTML, like Gecko) Chrome/94.0.4606.61 Safari/537.36
当前时间：2021/9/26 下午5:12:11
---------------------------------------------------------------------------------------------------------------------
方法：POST
API：/api/blog/new
浏览器信息：Mozilla/5.0 (Windows NT 10.0; Win64; x64) AppleWebKit/537.36 (KHTML, like Gecko) Chrome/94.0.4606.61 Safari/537.36
当前时间：2021/9/26 下午5:12:11
---------------------------------------------------------------------------------------------------------------------
方法：POST
API：/api/blog/new
浏览器信息：Mozilla/5.0 (Windows NT 10.0; Win64; x64) AppleWebKit/537.36 (KHTML, like Gecko) Chrome/94.0.4606.61 Safari/537.36
当前时间：2021/9/26 下午5:12:11
---------------------------------------------------------------------------------------------------------------------
方法：POST
API：/api/blog/new
浏览器信息：Mozilla/5.0 (Windows NT 10.0; Win64; x64) AppleWebKit/537.36 (KHTML, like Gecko) Chrome/94.0.4606.61 Safari/537.36
当前时间：2021/9/26 下午5:12:52
---------------------------------------------------------------------------------------------------------------------
方法：GET
API：/api/blog/list?isadmin=1
浏览器信息：Mozilla/5.0 (Windows NT 10.0; Win64; x64) AppleWebKit/537.36 (KHTML, like Gecko) Chrome/94.0.4606.61 Safari/537.36
当前时间：2021/9/26 下午5:12:54
---------------------------------------------------------------------------------------------------------------------
方法：POST
API：/api/user/login
浏览器信息：Mozilla/5.0 (Windows NT 10.0; Win64; x64) AppleWebKit/537.36 (KHTML, like Gecko) Chrome/94.0.4606.61 Safari/537.36
当前时间：2021/9/26 下午5:33:11
---------------------------------------------------------------------------------------------------------------------
方法：POST
API：/api/user/login
浏览器信息：Mozilla/5.0 (Windows NT 10.0; Win64; x64) AppleWebKit/537.36 (KHTML, like Gecko) Chrome/94.0.4606.61 Safari/537.36
当前时间：2021/9/26 下午5:33:12
---------------------------------------------------------------------------------------------------------------------
